<?xml version="1.0" encoding="UTF-8"?>
<!-- Generated by org.testng.reporters.JUnitXMLReporter -->
<testsuite ignored="2" hostname="GDL-i4431.local" failures="2" tests="8" name="Test" time="18.629" errors="0" timestamp="2024-09-24T15:39:38 CDT">
  <testcase classname="suiteB.TestClassB" name="testB" time="3.012"/>
  <testcase classname="suiteB.TestClassB" name="testB" time="3.004"/>
  <testcase classname="suiteC.TestClassCC" name="testCC" time="3.004"/>
  <testcase classname="suiteC.TestClassCC" name="testCC" time="3.006"/>
  <testcase classname="suiteA.TestClassA" name="testA" time="0.005">
    <failure type="java.lang.AssertionError" message="The following asserts failed:
	Username [UserName 1A] did not match [USERNAME_DEMO]">
      <![CDATA[java.lang.AssertionError: The following asserts failed:
Username [UserName 1A] did not match [USERNAME_DEMO]
at testBase.TestBase.failAndStop(TestBase.java:59)
at suiteA.TestClassA.testA(TestClassA.java:26)
at java.base/java.util.ArrayList.forEach(ArrayList.java:1597)
... Removed 27 stack frames]]>
    </failure>
  </testcase> <!-- testA -->
  <testcase classname="suiteA.TestClassA" name="testA" time="0.002">
    <failure type="java.lang.AssertionError" message="The following asserts failed:
	Username [Username 2A] did not match [USERNAME_DEMO]">
      <![CDATA[java.lang.AssertionError: The following asserts failed:
Username [Username 2A] did not match [USERNAME_DEMO]
at testBase.TestBase.failAndStop(TestBase.java:59)
at suiteA.TestClassA.testA(TestClassA.java:26)
at java.base/java.util.ArrayList.forEach(ArrayList.java:1597)
... Removed 27 stack frames]]>
    </failure>
  </testcase> <!-- testA -->
  <testcase classname="suiteC.TestClassC" name="testC" time="3.006"/>
  <testcase classname="suiteC.TestClassC" name="testC" time="3.005"/>
  <testcase classname="suiteB.TestClassBB" name="testBB" time="0.0">
    <ignored/>
  </testcase> <!-- testBB -->
  <testcase classname="suiteA.TestClassAA" name="testAA" time="0.0">
    <ignored/>
  </testcase> <!-- testAA -->
</testsuite> <!-- Test -->
