<?xml version="1.0" encoding="UTF-8"?>
<testsuite xmlns:xsi="http://www.w3.org/2001/XMLSchema-instance" xsi:noNamespaceSchemaLocation="https://maven.apache.org/surefire/maven-surefire-plugin/xsd/surefire-test-report.xsd" version="3.0.1" name="com.testing.sample.SampleUtilTest" time="0.042" tests="4" errors="0" skipped="0" failures="0">
  <properties>
[...]
</properties>
  <testcase name="testAdd" classname="com.testing.sample.SampleUtilTest" time="0.02">
    <system-out><![CDATA[Testing add function with both integers
]]></system-out>
  </testcase>
  <testcase name="testSecondParamNull" classname="com.testing.sample.SampleUtilTest" time="0.001">
    <system-out><![CDATA[Testing add function with second param as null
]]></system-out>
  </testcase>
  <testcase name="testAllParamsNull" classname="com.testing.sample.SampleUtilTest" time="0.001">
    <system-out><![CDATA[Testing add function with all params as null
]]></system-out>
  </testcase>
  <testcase name="testFirstParamNull" classname="com.testing.sample.SampleUtilTest" time="0.001">
    <system-out><![CDATA[Testing add function with first param as null
]]></system-out>
  </testcase>
</testsuite>