<?xml version="1.0" encoding="UTF-8"?>
<!-- Generated by org.testng.reporters.JUnitXMLReporter -->
<testsuite ignored="0" hostname="GDL-i4431.local" failures="1" tests="1" name="Login Test" time="0.472" errors="0" timestamp="2024-09-23T17:15:04 CDT">
  <testcase classname="testNGExtent.LoginTest" name="sampleReport" time="0.011">
    <failure type="java.lang.AssertionError" message="expected:&amp;lt;Facebook Login Page&amp;gt; but was:&amp;lt;Facebook Home Page&amp;gt;">
      <![CDATA[java.lang.AssertionError: expected:<Facebook Login Page> but was:<Facebook Home Page>
at testNGExtent.LoginTest.sampleReport(LoginTest.java:43)
at java.base/java.util.ArrayList.forEach(ArrayList.java:1597)
... Removed 27 stack frames]]>
    </failure>
  </testcase> <!-- sampleReport -->
</testsuite> <!-- Login Test -->
